\BOOKMARK [1][-]{appendix.Alph1}{titleJT \(graphic on page 6\)}{}% 1
\BOOKMARK [1][-]{appendix.Alph2}{titleTH \(graphic on page 7\)}{}% 2
\BOOKMARK [1][-]{appendix.Alph3}{titleM \(graphic on page 8\)}{}% 3
\BOOKMARK [1][-]{appendix.Alph4}{titleS \(graphic on page 9\)}{}% 4
\BOOKMARK [1][-]{appendix.Alph5}{titleHGP \(graphic on page 10\)}{}% 5
\BOOKMARK [1][-]{appendix.Alph6}{titleRF \(graphic on page 11\)}{}% 6
\BOOKMARK [1][-]{appendix.Alph7}{titleAT \(graphic on page 12\)}{}% 7
\BOOKMARK [1][-]{appendix.Alph8}{titleDB \(graphic on page 13\)}{}% 8
\BOOKMARK [1][-]{appendix.Alph9}{titleAM \(graphic on page 14\)}{}% 9
\BOOKMARK [1][-]{appendix.Alph10}{titleP \(graphic on page 15\)}{}% 10
\BOOKMARK [1][-]{appendix.Alph11}{titleLL \(graphic on page 16\)}{}% 11
\BOOKMARK [1][-]{appendix.Alph12}{titleGM \(graphic on page 17\)}{}% 12
\BOOKMARK [1][-]{appendix.Alph13}{titlePM \(graphic on page 18\)}{}% 13
\BOOKMARK [1][-]{appendix.Alph14}{titleCC \(graphic on page 19\)}{}% 14
\BOOKMARK [1][-]{appendix.Alph15}{titleDS \(graphic on page 20\)}{}% 15
\BOOKMARK [1][-]{appendix.Alph16}{titleMS \(graphic on page 21\)}{}% 16
\BOOKMARK [1][-]{appendix.Alph17}{titlePW \(graphic on page 22\)}{}% 17
\BOOKMARK [1][-]{appendix.Alph18}{titleUL \(graphic on page 23\)}{}% 18
\BOOKMARK [1][-]{appendix.Alph19}{titleASU \(graphic on page 24\)}{}% 19
\BOOKMARK [1][-]{appendix.Alph20}{titleBC \(graphic on page 25\)}{}% 20
\BOOKMARK [1][-]{appendix.Alph21}{titleSW \(graphic on page 26\)}{}% 21
\BOOKMARK [1][-]{appendix.Alph22}{titleTMB \(graphic on page 27\)}{}% 22
\BOOKMARK [1][-]{appendix.Alph23}{titleFT \(graphic on page 28\)}{}% 23
\BOOKMARK [1][-]{appendix.Alph24}{titleJE \(graphic on page 29\)}{}% 24
\BOOKMARK [1][-]{appendix.Alph25}{titleZD \(graphic on page 30\)}{}% 25
\BOOKMARK [1][-]{appendix.Alph26}{titleWM \(graphic on page 31\)}{}% 26
\BOOKMARK [1][-]{appendix.Alph27}{titleWH \(graphic on page 32\)}{}% 27
\BOOKMARK [1][-]{appendix.Alph28}{titleBWF \(graphic on page 33\)}{}% 28
\BOOKMARK [1][-]{appendix.Alph29}{titleSI \(graphic on page 34\)}{}% 29
\BOOKMARK [1][-]{appendix.Alph30}{titleJA \(graphic on page 35\)}{}% 30
\BOOKMARK [1][-]{appendix.Alph31}{titleGP \(graphic on page 36\)}{}% 31
\BOOKMARK [1][-]{appendix.Alph32}{titleHC \(graphic on page 37\)}{}% 32
\BOOKMARK [1][-]{appendix.Alph33}{titlePP \(graphic on page 38\)}{}% 33
\BOOKMARK [1][-]{appendix.Alph34}{titleRMMH \(graphic on page 39\)}{}% 34
\BOOKMARK [1][-]{appendix.Alph35}{titleEI \(graphic on page 40\)}{}% 35
\BOOKMARK [1][-]{appendix.Alph36}{titleGWP \(graphic on page 41\)}{}% 36
\BOOKMARK [1][-]{appendix.Alph37}{titleIP \(graphic on page 42\)}{}% 37
\BOOKMARK [1][-]{appendix.Alph38}{titleAAT \(graphic on page 43\)}{}% 38
\BOOKMARK [1][-]{appendix.Alph39}{titleCM \(graphic on page 44\)}{}% 39
\BOOKMARK [1][-]{appendix.Alph40}{titleRB \(graphic on page 45\)}{}% 40
